<?xml version="1.0" encoding="UTF-8"?>
<!-- Generated by org.testng.reporters.JUnitXMLReporter -->
<testsuite ignored="0" hostname="Sales_Apricot" failures="1" tests="1" name="Surefire test" time="10.634" errors="0" timestamp="2021-02-08T22:34:17 AMT">
  <testcase classname="am.itu.arca.base.ArcaBaseTest" name="@AfterClass quit" time="0.001">
    <failure type="java.lang.NullPointerException">
      <![CDATA[java.lang.NullPointerException
at am.itu.arca.base.ArcaBaseTest.quit(ArcaBaseTest.java:21)
at java.base/java.util.ArrayList.forEach(ArrayList.java:1541)
... Removed 30 stack frames]]>
    </failure>
  </testcase> <!-- @AfterClass quit -->
  <testcase classname="am.itu.arca.HomePageTests.HomePageLogoTest" name="navigateToNewsPage" time="4.06">
    <failure type="java.lang.NullPointerException">
      <![CDATA[java.lang.NullPointerException
at org.openqa.selenium.support.pagefactory.DefaultElementLocator.findElement(DefaultElementLocator.java:69)
at org.openqa.selenium.support.pagefactory.internal.LocatingElementHandler.invoke(LocatingElementHandler.java:38)
at com.sun.proxy.$Proxy9.click(Unknown Source)
at am.itu.arca.HomePage.HomePageObjects.goToNewsPage(HomePageObjects.java:33)
at am.itu.arca.HomePageTests.HomePageLogoTest.navigateToNewsPage(HomePageLogoTest.java:14)
at java.base/java.util.ArrayList.forEach(ArrayList.java:1541)
... Removed 32 stack frames]]>
    </failure>
  </testcase> <!-- navigateToNewsPage -->
</testsuite> <!-- Surefire test -->
